<?xml version="1.0" encoding="UTF-8" standalone="yes"?><!DOCTYPE report PUBLIC "-//JACOCO//DTD Report 1.1//EN" "report.dtd"><report name="CI"><sessioninfo id="LAPTOP-5V8D54M5-83281c85" start="1613154102944" dump="1613154104571"/><sessioninfo id="LAPTOP-5V8D54M5-5d88c5e1" start="1613154384399" dump="1613154386196"/><sessioninfo id="LAPTOP-5V8D54M5-6a9fcf1b" start="1613154592053" dump="1613154593532"/><sessioninfo id="LAPTOP-5V8D54M5-7bbe667a" start="1613415922968" dump="1613415924781"/><sessioninfo id="LAPTOP-5V8D54M5-ef58ef31" start="1613416880953" dump="1613416882623"/><sessioninfo id="LAPTOP-5V8D54M5-7de89676" start="1613418734634" dump="1613418736928"/><sessioninfo id="LAPTOP-5V8D54M5-67b91d" start="1613420126001" dump="1613420127852"/><sessioninfo id="LAPTOP-5V8D54M5-4c718ceb" start="1613420245708" dump="1613420247491"/><package name="ru/netology"><class name="ru/netology/StatisticService" sourcefilename="StatisticService.java"><method name="&lt;init&gt;" desc="()V" line="3"><counter type="INSTRUCTION" missed="0" covered="3"/><counter type="LINE" missed="0" covered="1"/><counter type="COMPLEXITY" missed="0" covered="1"/><counter type="METHOD" missed="0" covered="1"/></method><method name="findMax" desc="([J)J" line="5"><counter type="INSTRUCTION" missed="2" covered="28"/><counter type="BRANCH" missed="1" covered="3"/><counter type="LINE" missed="1" covered="5"/><counter type="COMPLEXITY" missed="1" covered="2"/><counter type="METHOD" missed="0" covered="1"/></method><counter type="INSTRUCTION" missed="2" covered="31"/><counter type="BRANCH" missed="1" covered="3"/><counter type="LINE" missed="1" covered="6"/><counter type="COMPLEXITY" missed="1" covered="3"/><counter type="METHOD" missed="0" covered="2"/><counter type="CLASS" missed="0" covered="1"/></class><sourcefile name="StatisticService.java"><line nr="3" mi="0" ci="3" mb="0" cb="0"/><line nr="5" mi="0" ci="2" mb="0" cb="0"/><line nr="6" mi="0" ci="4" mb="0" cb="0"/><line nr="7" mi="0" ci="16" mb="0" cb="2"/><line nr="8" mi="0" ci="4" mb="1" cb="1"/><line nr="9" mi="2" ci="0" mb="0" cb="0"/><line nr="11" mi="0" ci="2" mb="0" cb="0"/><counter type="INSTRUCTION" missed="2" covered="31"/><counter type="BRANCH" missed="1" covered="3"/><counter type="LINE" missed="1" covered="6"/><counter type="COMPLEXITY" missed="1" covered="3"/><counter type="METHOD" missed="0" covered="2"/><counter type="CLASS" missed="0" covered="1"/></sourcefile><counter type="INSTRUCTION" missed="2" covered="31"/><counter type="BRANCH" missed="1" covered="3"/><counter type="LINE" missed="1" covered="6"/><counter type="COMPLEXITY" missed="1" covered="3"/><counter type="METHOD" missed="0" covered="2"/><counter type="CLASS" missed="0" covered="1"/></package><counter type="INSTRUCTION" missed="2" covered="31"/><counter type="BRANCH" missed="1" covered="3"/><counter type="LINE" missed="1" covered="6"/><counter type="COMPLEXITY" missed="1" covered="3"/><counter type="METHOD" missed="0" covered="2"/><counter type="CLASS" missed="0" covered="1"/></report>